d:\workspace dev\visualstudioprojects\entrevoisinc\x64\debug\vc142.pdb
d:\workspace dev\visualstudioprojects\entrevoisinc\x64\debug\vc142.idb
d:\workspace dev\visualstudioprojects\entrevoisinc\x64\debug\entrevoisinc.obj
d:\workspace dev\visualstudioprojects\entrevoisinc\x64\debug\clistfavorite.obj
d:\workspace dev\visualstudioprojects\entrevoisinc\x64\debug\cprofilefenetre.obj
d:\workspace dev\visualstudioprojects\entrevoisinc\x64\debug\entrevoisinc.exe
d:\workspace dev\visualstudioprojects\entrevoisinc\x64\debug\entrevoisinc.ilk
d:\workspace dev\visualstudioprojects\entrevoisinc\x64\debug\entrevoisinc.pdb
d:\workspace dev\visualstudioprojects\entrevoisinc\x64\debug\entrevoisinc.res
d:\workspace dev\visualstudioprojects\entrevoisinc\x64\debug\clistvoisin.obj
d:\workspace dev\visualstudioprojects\entrevoisinc\x64\debug\entrevoisinapp.obj
d:\workspace dev\visualstudioprojects\entrevoisinc\x64\debug\liboutils.pdb
d:\workspace dev\visualstudioprojects\entrevoisinc\x64\debug\entrevoisinc.tlog\cl.command.1.tlog
d:\workspace dev\visualstudioprojects\entrevoisinc\x64\debug\entrevoisinc.tlog\cl.read.1.tlog
d:\workspace dev\visualstudioprojects\entrevoisinc\x64\debug\entrevoisinc.tlog\cl.write.1.tlog
d:\workspace dev\visualstudioprojects\entrevoisinc\x64\debug\entrevoisinc.tlog\link.command.1.tlog
d:\workspace dev\visualstudioprojects\entrevoisinc\x64\debug\entrevoisinc.tlog\link.read.1.tlog
d:\workspace dev\visualstudioprojects\entrevoisinc\x64\debug\entrevoisinc.tlog\link.write.1.tlog
d:\workspace dev\visualstudioprojects\entrevoisinc\x64\debug\entrevoisinc.tlog\rc.command.1.tlog
d:\workspace dev\visualstudioprojects\entrevoisinc\x64\debug\entrevoisinc.tlog\rc.read.1.tlog
d:\workspace dev\visualstudioprojects\entrevoisinc\x64\debug\entrevoisinc.tlog\rc.write.1.tlog
